<?xml version="1.0" encoding="UTF-8"?>
<!-- Generated by org.testng.reporters.JUnitXMLReporter -->
<testsuite ignored="0" hostname="DESKTOP-RJBBDI9" failures="0" tests="3" name="ChromeBrowser" time="0.156" errors="0" timestamp="2023-09-12T15:34:14 IST">
  <testcase classname="Automation.Assigment2" name="@BeforeMethod beforeMethod" time="0.014">
    <failure type="java.lang.NullPointerException" message="Cannot invoke &amp;quot;org.openqa.selenium.WebDriver.get(String)&amp;quot; because &amp;quot;this.driver&amp;quot; is null">
      <![CDATA[java.lang.NullPointerException: Cannot invoke "org.openqa.selenium.WebDriver.get(String)" because "this.driver" is null
at Automation.Assigment2.beforeMethod(Assigment2.java:106)
at java.base/java.util.ArrayList.forEach(ArrayList.java:1511)
... Removed 31 stack frames]]>
    </failure>
  </testcase> <!-- @BeforeMethod beforeMethod -->
  <testcase classname="Automation.Assigment2" name="@AfterMethod afterMethod" time="0.0">
    <skipped/>
  </testcase> <!-- @AfterMethod afterMethod -->
  <testcase classname="Automation.Assigment2" name="@BeforeMethod beforeMethod" time="0.0">
    <skipped/>
  </testcase> <!-- @BeforeMethod beforeMethod -->
  <testcase classname="Automation.Assigment2" name="@AfterMethod afterMethod" time="0.0">
    <skipped/>
  </testcase> <!-- @AfterMethod afterMethod -->
  <testcase classname="Automation.Assigment2" name="@BeforeMethod beforeMethod" time="0.0">
    <skipped/>
  </testcase> <!-- @BeforeMethod beforeMethod -->
  <testcase classname="Automation.Assigment2" name="@AfterMethod afterMethod" time="0.0">
    <skipped/>
  </testcase> <!-- @AfterMethod afterMethod -->
  <testcase classname="Automation.Assigment2" name="verifyBackgroundColourOfSearchAndReset" time="0.001">
    <skipped/>
  </testcase> <!-- verifyBackgroundColourOfSearchAndReset -->
  <testcase classname="Automation.Assigment2" name="verifyTextOfSearchAndReset" time="0.001">
    <skipped/>
  </testcase> <!-- verifyTextOfSearchAndReset -->
  <testcase classname="Automation.Assigment2" name="workingOfLoginFeature" time="0.0">
    <skipped/>
  </testcase> <!-- workingOfLoginFeature -->
</testsuite> <!-- ChromeBrowser -->
