<?xml version="1.0" encoding="UTF-8"?>
<!-- Generated by org.testng.reporters.JUnitXMLReporter -->
<testsuite ignored="0" hostname="DESKTOP-RJBBDI9" failures="0" tests="3" name="EdgeBrowser" time="0.075" errors="0" timestamp="2023-09-12T15:34:14 IST">
  <testcase classname="Automation.Assigment2" name="verifyBackgroundColourOfSearchAndReset" time="0.0">
    <skipped/>
  </testcase> <!-- verifyBackgroundColourOfSearchAndReset -->
  <testcase classname="Automation.Assigment2" name="verifyTextOfSearchAndReset" time="0.0">
    <skipped/>
  </testcase> <!-- verifyTextOfSearchAndReset -->
  <testcase classname="Automation.Assigment2" name="workingOfLoginFeature" time="0.0">
    <skipped/>
  </testcase> <!-- workingOfLoginFeature -->
</testsuite> <!-- EdgeBrowser -->
