<?xml version="1.0" encoding="UTF-8"?>
<!-- Generated by org.testng.reporters.JUnitXMLReporter -->
<testsuite ignored="1" hostname="DESKTOP-RJBBDI9" failures="0" tests="3" name="TestSuiteDemo" time="0.131" errors="0" timestamp="2023-09-12T15:32:08 IST">
  <testcase classname="Automation.Grouping" name="testCase1" time="0.008"/>
  <testcase classname="Automation.Grouping" name="testCase3" time="0.004"/>
  <testcase classname="Automation.Grouping" name="testCase4" time="0.003"/>
  <testcase classname="Automation.Grouping" name="testCase2" time="0.0">
    <ignored/>
  </testcase> <!-- testCase2 -->
</testsuite> <!-- TestSuiteDemo -->
