<?xml version="1.0" encoding="UTF-8"?>
<testng-results ignored="0" total="1" passed="1" failed="0" skipped="0">
  <reporter-output>
  </reporter-output>
  <suite started-at="2023-09-20T10:17:44 IST" name="Default suite" finished-at="2023-09-20T10:17:55 IST" duration-ms="10436">
    <groups>
    </groups>
    <test started-at="2023-09-20T10:17:44 IST" name="Default test" finished-at="2023-09-20T10:17:55 IST" duration-ms="10436">
      <class name="testCases.ClientTestCases">
        <test-method is-config="true" signature="beforeMethod()[pri:0, instance:testCases.ClientTestCases@3c46e67a]" started-at="2023-09-20T10:17:44 IST" name="beforeMethod" finished-at="2023-09-20T10:17:51 IST" duration-ms="6319" status="PASS">
          <reporter-output>
          </reporter-output>
        </test-method> <!-- beforeMethod -->
        <test-method signature="verifyTextOfSearch()[pri:0, instance:testCases.ClientTestCases@3c46e67a]" started-at="2023-09-20T10:17:51 IST" name="verifyTextOfSearch" finished-at="2023-09-20T10:17:55 IST" duration-ms="3836" status="PASS">
          <reporter-output>
          </reporter-output>
        </test-method> <!-- verifyTextOfSearch -->
        <test-method is-config="true" signature="afterMethod()[pri:0, instance:testCases.ClientTestCases@3c46e67a]" started-at="2023-09-20T10:17:55 IST" name="afterMethod" finished-at="2023-09-20T10:17:55 IST" duration-ms="192" status="PASS">
          <reporter-output>
          </reporter-output>
        </test-method> <!-- afterMethod -->
      </class> <!-- testCases.ClientTestCases -->
    </test> <!-- Default test -->
  </suite> <!-- Default suite -->
</testng-results>
